<?xml version="1.0" encoding="UTF-8"?>
<testng-results ignored="0" total="2" passed="2" failed="0" skipped="0">
  <reporter-output>
  </reporter-output>
  <suite started-at="2022-09-03T17:00:46 IST" name="Default suite" finished-at="2022-09-03T17:00:59 IST" duration-ms="12631">
    <groups>
    </groups>
    <test started-at="2022-09-03T17:00:46 IST" name="Default test" finished-at="2022-09-03T17:00:59 IST" duration-ms="12631">
      <class name="Module1_loginTest.KiteTestClass_TestNG">
        <test-method is-config="true" signature="BrowserOpen()[pri:0, instance:Module1_loginTest.KiteTestClass_TestNG@4310d43]" started-at="2022-09-03T17:00:46 IST" name="BrowserOpen" finished-at="2022-09-03T17:00:54 IST" duration-ms="7506" status="PASS">
          <reporter-output>
          </reporter-output>
        </test-method> <!-- BrowserOpen -->
        <test-method is-config="true" signature="KiteLogin()[pri:0, instance:Module1_loginTest.KiteTestClass_TestNG@4310d43]" started-at="2022-09-03T17:00:54 IST" name="KiteLogin" finished-at="2022-09-03T17:00:54 IST" duration-ms="478" status="PASS">
          <reporter-output>
          </reporter-output>
        </test-method> <!-- KiteLogin -->
        <test-method signature="VerifyUserID()[pri:0, instance:Module1_loginTest.KiteTestClass_TestNG@4310d43]" started-at="2022-09-03T17:00:54 IST" name="VerifyUserID" finished-at="2022-09-03T17:00:56 IST" duration-ms="1706" status="PASS">
          <reporter-output>
          </reporter-output>
        </test-method> <!-- VerifyUserID -->
        <test-method is-config="true" signature="KiteLogout(org.testng.ITestResult)[pri:0, instance:Module1_loginTest.KiteTestClass_TestNG@4310d43]" started-at="2022-09-03T17:00:56 IST" name="KiteLogout" finished-at="2022-09-03T17:00:57 IST" duration-ms="515" status="PASS">
          <params>
            <param index="0">
              <value>
                <![CDATA[[TestResult name=VerifyUserID status=SUCCESS method=KiteTestClass_TestNG.VerifyUserID()[pri:0, instance:Module1_loginTest.KiteTestClass_TestNG@4310d43] output={null}]]]>
              </value>
            </param>
          </params>
          <reporter-output>
          </reporter-output>
        </test-method> <!-- KiteLogout -->
        <test-method is-config="true" signature="KiteLogin()[pri:0, instance:Module1_loginTest.KiteTestClass_TestNG@4310d43]" started-at="2022-09-03T17:00:57 IST" name="KiteLogin" finished-at="2022-09-03T17:00:57 IST" duration-ms="499" status="PASS">
          <reporter-output>
          </reporter-output>
        </test-method> <!-- KiteLogin -->
        <test-method signature="VerifyUserID1()[pri:0, instance:Module1_loginTest.KiteTestClass_TestNG@4310d43]" started-at="2022-09-03T17:00:57 IST" name="VerifyUserID1" finished-at="2022-09-03T17:00:58 IST" duration-ms="660" status="PASS">
          <reporter-output>
          </reporter-output>
        </test-method> <!-- VerifyUserID1 -->
        <test-method is-config="true" signature="KiteLogout(org.testng.ITestResult)[pri:0, instance:Module1_loginTest.KiteTestClass_TestNG@4310d43]" started-at="2022-09-03T17:00:58 IST" name="KiteLogout" finished-at="2022-09-03T17:00:58 IST" duration-ms="547" status="PASS">
          <params>
            <param index="0">
              <value>
                <![CDATA[[TestResult name=VerifyUserID1 status=SUCCESS method=KiteTestClass_TestNG.VerifyUserID1()[pri:0, instance:Module1_loginTest.KiteTestClass_TestNG@4310d43] output={null}]]]>
              </value>
            </param>
          </params>
          <reporter-output>
          </reporter-output>
        </test-method> <!-- KiteLogout -->
        <test-method is-config="true" signature="BrowserClose()[pri:0, instance:Module1_loginTest.KiteTestClass_TestNG@4310d43]" started-at="2022-09-03T17:00:58 IST" name="BrowserClose" finished-at="2022-09-03T17:00:59 IST" duration-ms="682" status="PASS">
          <reporter-output>
          </reporter-output>
        </test-method> <!-- BrowserClose -->
      </class> <!-- Module1_loginTest.KiteTestClass_TestNG -->
    </test> <!-- Default test -->
  </suite> <!-- Default suite -->
</testng-results>
